# Logfile created on 2013-12-28 14:51:06 +0800 by logger.rb/31641
I, [2013-12-28T14:51:06.401483 #17481]  INFO -- : 0:  i18n (0.6.9) from /usr/local/lib/ruby/gems/1.9.1/specifications/i18n-0.6.9.gemspec
I, [2013-12-28T14:51:06.423136 #17481]  INFO -- : 0:  multi_json (1.8.2) from /usr/local/lib/ruby/gems/1.9.1/specifications/multi_json-1.8.2.gemspec
I, [2013-12-28T14:51:06.424523 #17481]  INFO -- : 0:  activesupport (3.2.16) from /usr/local/lib/ruby/gems/1.9.1/specifications/activesupport-3.2.16.gemspec
I, [2013-12-28T14:51:06.425646 #17481]  INFO -- : 0:  builder (3.0.4) from /usr/local/lib/ruby/gems/1.9.1/specifications/builder-3.0.4.gemspec
I, [2013-12-28T14:51:06.426720 #17481]  INFO -- : 0:  activemodel (3.2.16) from /usr/local/lib/ruby/gems/1.9.1/specifications/activemodel-3.2.16.gemspec
I, [2013-12-28T14:51:06.427775 #17481]  INFO -- : 0:  mini_portile (0.5.2) from /usr/local/lib/ruby/gems/1.9.1/specifications/mini_portile-0.5.2.gemspec
I, [2013-12-28T14:51:06.428856 #17481]  INFO -- : 0:  moped (1.5.1) from /usr/local/lib/ruby/gems/1.9.1/specifications/moped-1.5.1.gemspec
I, [2013-12-28T14:51:06.429894 #17481]  INFO -- : 0:  origin (1.1.0) from /usr/local/lib/ruby/gems/1.9.1/specifications/origin-1.1.0.gemspec
I, [2013-12-28T14:51:06.430949 #17481]  INFO -- : 0:  tzinfo (0.3.38) from /usr/local/lib/ruby/gems/1.9.1/specifications/tzinfo-0.3.38.gemspec
I, [2013-12-28T14:51:06.432017 #17481]  INFO -- : 0:  mongoid (3.1.6) from /usr/local/lib/ruby/gems/1.9.1/specifications/mongoid-3.1.6.gemspec
I, [2013-12-28T14:51:06.433103 #17481]  INFO -- : 0:  nokogiri (1.6.1) from /usr/local/lib/ruby/gems/1.9.1/specifications/nokogiri-1.6.1.gemspec
I, [2013-12-28T14:51:06.434063 #17481]  INFO -- : 0:  bundler (1.5.0) from /usr/local/lib/ruby/gems/1.9.1/specifications/bundler-1.5.0.gemspec
I, [2013-12-28T15:04:17.422119 #19286]  INFO -- : 0:  i18n (0.6.9) from /usr/local/lib/ruby/gems/1.9.1/specifications/i18n-0.6.9.gemspec
I, [2013-12-28T15:04:17.423679 #19286]  INFO -- : 0:  multi_json (1.8.2) from /usr/local/lib/ruby/gems/1.9.1/specifications/multi_json-1.8.2.gemspec
I, [2013-12-28T15:04:17.425158 #19286]  INFO -- : 0:  activesupport (3.2.16) from /usr/local/lib/ruby/gems/1.9.1/specifications/activesupport-3.2.16.gemspec
I, [2013-12-28T15:04:17.426316 #19286]  INFO -- : 0:  builder (3.0.4) from /usr/local/lib/ruby/gems/1.9.1/specifications/builder-3.0.4.gemspec
I, [2013-12-28T15:04:17.427399 #19286]  INFO -- : 0:  activemodel (3.2.16) from /usr/local/lib/ruby/gems/1.9.1/specifications/activemodel-3.2.16.gemspec
I, [2013-12-28T15:04:17.428540 #19286]  INFO -- : 0:  mini_portile (0.5.2) from /usr/local/lib/ruby/gems/1.9.1/specifications/mini_portile-0.5.2.gemspec
I, [2013-12-28T15:04:17.428949 #19286]  INFO -- : 0:  moped (1.5.1) from /usr/local/lib/ruby/gems/1.9.1/specifications/moped-1.5.1.gemspec
I, [2013-12-28T15:04:17.429293 #19286]  INFO -- : 0:  origin (1.1.0) from /usr/local/lib/ruby/gems/1.9.1/specifications/origin-1.1.0.gemspec
I, [2013-12-28T15:04:17.429651 #19286]  INFO -- : 0:  tzinfo (0.3.38) from /usr/local/lib/ruby/gems/1.9.1/specifications/tzinfo-0.3.38.gemspec
I, [2013-12-28T15:04:17.430010 #19286]  INFO -- : 0:  mongoid (3.1.6) from /usr/local/lib/ruby/gems/1.9.1/specifications/mongoid-3.1.6.gemspec
I, [2013-12-28T15:07:13.898495 #19286]  INFO -- : 0:  nokogiri (1.6.1) from /usr/local/lib/ruby/gems/1.9.1/specifications/nokogiri-1.6.1.gemspec
I, [2013-12-28T15:07:14.262380 #19286]  INFO -- : 0:  bundler (1.5.0) from /usr/local/lib/ruby/gems/1.9.1/specifications/bundler-1.5.0.gemspec
I, [2013-12-28T15:18:12.198624 #313]  INFO -- : 0:  i18n (0.6.9) from /usr/local/lib/ruby/gems/1.9.1/specifications/i18n-0.6.9.gemspec
I, [2013-12-28T15:18:12.641648 #313]  INFO -- : 0:  minitest (4.7.5) from /usr/local/lib/ruby/gems/1.9.1/specifications/minitest-4.7.5.gemspec
I, [2013-12-28T15:18:12.647802 #313]  INFO -- : 0:  multi_json (1.8.2) from /usr/local/lib/ruby/gems/1.9.1/specifications/multi_json-1.8.2.gemspec
I, [2013-12-28T15:18:14.028730 #313]  INFO -- : 0:  atomic (1.1.14) from /usr/local/lib/ruby/gems/1.9.1/specifications/atomic-1.1.14.gemspec
I, [2013-12-28T15:18:14.857227 #313]  INFO -- : 0:  thread_safe (0.1.3) from /usr/local/lib/ruby/gems/1.9.1/specifications/thread_safe-0.1.3.gemspec
I, [2013-12-28T15:18:14.866218 #313]  INFO -- : 0:  tzinfo (0.3.38) from /usr/local/lib/ruby/gems/1.9.1/specifications/tzinfo-0.3.38.gemspec
I, [2013-12-28T15:18:16.687456 #313]  INFO -- : 0:  activesupport (4.0.2) from /usr/local/lib/ruby/gems/1.9.1/specifications/activesupport-4.0.2.gemspec
I, [2013-12-28T15:18:17.076254 #313]  INFO -- : 0:  builder (3.1.4) from /usr/local/lib/ruby/gems/1.9.1/specifications/builder-3.1.4.gemspec
I, [2013-12-28T15:18:17.453089 #313]  INFO -- : 0:  activemodel (4.0.2) from /usr/local/lib/ruby/gems/1.9.1/specifications/activemodel-4.0.2.gemspec
I, [2013-12-28T15:18:18.761247 #313]  INFO -- : 0:  bson (2.0.0) from /usr/local/lib/ruby/gems/1.9.1/specifications/bson-2.0.0.gemspec
I, [2013-12-28T15:18:19.011862 #313]  INFO -- : 0:  connection_pool (1.2.0) from /usr/local/lib/ruby/gems/1.9.1/specifications/connection_pool-1.2.0.gemspec
I, [2013-12-28T15:18:19.013608 #313]  INFO -- : 0:  mini_portile (0.5.2) from /usr/local/lib/ruby/gems/1.9.1/specifications/mini_portile-0.5.2.gemspec
I, [2013-12-28T15:18:19.359397 #313]  INFO -- : 0:  optionable (0.2.0) from /usr/local/lib/ruby/gems/1.9.1/specifications/optionable-0.2.0.gemspec
I, [2013-12-28T15:18:19.739048 #313]  INFO -- : 0:  moped (2.0.0.beta4) from /usr/local/lib/ruby/gems/1.9.1/specifications/moped-2.0.0.beta4.gemspec
I, [2013-12-28T15:18:20.136741 #313]  INFO -- : 0:  origin (2.0.0) from /usr/local/lib/ruby/gems/1.9.1/specifications/origin-2.0.0.gemspec
I, [2013-12-28T15:18:20.976752 #313]  INFO -- : 0:  mongoid (4.0.0.alpha1) from /home/binz/.bundler/ruby/1.9.1/mongoid-53abd6c19bcc/mongoid.gemspec
I, [2013-12-28T15:18:20.978195 #313]  INFO -- : 0:  nokogiri (1.6.1) from /usr/local/lib/ruby/gems/1.9.1/specifications/nokogiri-1.6.1.gemspec
I, [2013-12-28T15:18:20.979294 #313]  INFO -- : 0:  bundler (1.5.0) from /usr/local/lib/ruby/gems/1.9.1/specifications/bundler-1.5.0.gemspec
